A D/MacMemoryAllocator////
A D/Misc////
A D/MoreFiles////
A D/NSRuntime////
A D/NSStdLib////
A D/NSStartup////
A D/InterfaceLib////
A D/embedding////
R D/embedding////
R D/InterfaceLib////
R D/NSStartup////
R D/NSStdLib////
R D/NSRuntime////
R D/MoreFiles////
R D/Misc////
R D/MacMemoryAllocator////
A D/MacMemoryAllocator////
A D/Misc////
A D/MoreFiles////
A D/NSRuntime////
A D/NSStdLib////
A D/NSStartup////
A D/InterfaceLib////
A D/embedding////
R D/embedding////
R D/InterfaceLib////
R D/NSStartup////
R D/NSStdLib////
R D/NSRuntime////
R D/MoreFiles////
R D/Misc////
R D/MacMemoryAllocator////
